<?xml version="1.0" encoding="UTF-8"?>
<!-- Generated by org.testng.reporters.JUnitXMLReporter -->
<testsuite ignored="1" hostname="Abdulraheem" failures="0" tests="1" name="Default test" time="12.302" errors="0" timestamp="2024-03-27T17:51:46 EET">
  <testcase classname="MyTestcases.MyTestCasess" name="pressonAllNumbersOnlyNumbers" time="12.271"/>
  <testcase classname="MyTestcases.MyTestCasess" name="myTest" time="0.0">
    <ignored/>
  </testcase> <!-- myTest -->
</testsuite> <!-- Default test -->
