<?xml version="1.0" encoding="UTF-8"?>
<testng-results ignored="1" total="2" passed="1" failed="0" skipped="0">
  <reporter-output>
  </reporter-output>
  <suite started-at="2024-03-27T17:51:34 EET" name="Default suite" finished-at="2024-03-27T17:51:46 EET" duration-ms="12302">
    <groups>
    </groups>
    <test started-at="2024-03-27T17:51:34 EET" name="Default test" finished-at="2024-03-27T17:51:46 EET" duration-ms="12302">
      <class name="MyTestcases.MyTestCasess">
        <test-method is-config="true" signature="mySetup()[pri:0, instance:MyTestcases.MyTestCasess@49ec71f8]" started-at="2024-03-27T17:51:34 EET" name="mySetup" finished-at="2024-03-27T17:51:34 EET" duration-ms="10" status="PASS">
          <reporter-output>
          </reporter-output>
        </test-method> <!-- mySetup -->
        <test-method signature="pressonAllNumbersOnlyNumbers()[pri:0, instance:MyTestcases.MyTestCasess@49ec71f8]" started-at="2024-03-27T17:51:34 EET" name="pressonAllNumbersOnlyNumbers" finished-at="2024-03-27T17:51:46 EET" duration-ms="12271" status="PASS">
          <reporter-output>
          </reporter-output>
        </test-method> <!-- pressonAllNumbersOnlyNumbers -->
      </class> <!-- MyTestcases.MyTestCasess -->
    </test> <!-- Default test -->
  </suite> <!-- Default suite -->
</testng-results>
